{"/Users/owen/Desktop/projects/code/rithm/bootcamp/week-07/day-03/pairing/express-jobly/app.js": {"path":"/Users/owen/Desktop/projects/code/rithm/bootcamp/week-07/day-03/pairing/express-jobly/app.js","statementMap":{"0":{"start":{"line":5,"column":16},"end":{"line":5,"column":34}},"1":{"start":{"line":6,"column":13},"end":{"line":6,"column":28}},"2":{"start":{"line":8,"column":26},"end":{"line":8,"column":51}},"3":{"start":{"line":10,"column":28},"end":{"line":10,"column":56}},"4":{"start":{"line":11,"column":19},"end":{"line":11,"column":43}},"5":{"start":{"line":12,"column":24},"end":{"line":12,"column":53}},"6":{"start":{"line":13,"column":20},"end":{"line":13,"column":45}},"7":{"start":{"line":15,"column":15},"end":{"line":15,"column":32}},"8":{"start":{"line":17,"column":12},"end":{"line":17,"column":21}},"9":{"start":{"line":19,"column":0},"end":{"line":19,"column":16}},"10":{"start":{"line":20,"column":0},"end":{"line":20,"column":24}},"11":{"start":{"line":21,"column":0},"end":{"line":21,"column":24}},"12":{"start":{"line":22,"column":0},"end":{"line":22,"column":25}},"13":{"start":{"line":24,"column":0},"end":{"line":24,"column":29}},"14":{"start":{"line":25,"column":0},"end":{"line":25,"column":39}},"15":{"start":{"line":26,"column":0},"end":{"line":26,"column":31}},"16":{"start":{"line":30,"column":0},"end":{"line":32,"column":3}},"17":{"start":{"line":31,"column":2},"end":{"line":31,"column":28}},"18":{"start":{"line":35,"column":0},"end":{"line":43,"column":3}},"19":{"start":{"line":36,"column":2},"end":{"line":36,"column":64}},"20":{"start":{"line":36,"column":39},"end":{"line":36,"column":64}},"21":{"start":{"line":37,"column":17},"end":{"line":37,"column":34}},"22":{"start":{"line":38,"column":18},"end":{"line":38,"column":29}},"23":{"start":{"line":40,"column":2},"end":{"line":42,"column":5}},"24":{"start":{"line":45,"column":0},"end":{"line":45,"column":21}}},"fnMap":{"0":{"name":"(anonymous_0)","decl":{"start":{"line":30,"column":8},"end":{"line":30,"column":9}},"loc":{"start":{"line":30,"column":34},"end":{"line":32,"column":1}},"line":30},"1":{"name":"(anonymous_1)","decl":{"start":{"line":35,"column":8},"end":{"line":35,"column":9}},"loc":{"start":{"line":35,"column":39},"end":{"line":43,"column":1}},"line":35}},"branchMap":{"0":{"loc":{"start":{"line":36,"column":2},"end":{"line":36,"column":64}},"type":"if","locations":[{"start":{"line":36,"column":2},"end":{"line":36,"column":64}},{"start":{},"end":{}}],"line":36},"1":{"loc":{"start":{"line":37,"column":17},"end":{"line":37,"column":34}},"type":"binary-expr","locations":[{"start":{"line":37,"column":17},"end":{"line":37,"column":27}},{"start":{"line":37,"column":31},"end":{"line":37,"column":34}}],"line":37}},"s":{"0":4,"1":4,"2":4,"3":4,"4":4,"5":4,"6":4,"7":4,"8":4,"9":4,"10":4,"11":4,"12":4,"13":4,"14":4,"15":4,"16":4,"17":2,"18":4,"19":14,"20":1,"21":14,"22":14,"23":14,"24":4},"f":{"0":2,"1":14},"b":{"0":[1,13],"1":[14,1]},"_coverageSchema":"1a1c01bbd47fc00a2c39e90264f33305004495a9","hash":"fa0c6faa449b2db7a627528817319c57d665fb1b"}
,"/Users/owen/Desktop/projects/code/rithm/bootcamp/week-07/day-03/pairing/express-jobly/config.js": {"path":"/Users/owen/Desktop/projects/code/rithm/bootcamp/week-07/day-03/pairing/express-jobly/config.js","statementMap":{"0":{"start":{"line":5,"column":0},"end":{"line":5,"column":27}},"1":{"start":{"line":6,"column":0},"end":{"line":6,"column":18}},"2":{"start":{"line":8,"column":19},"end":{"line":8,"column":57}},"3":{"start":{"line":10,"column":13},"end":{"line":10,"column":38}},"4":{"start":{"line":14,"column":2},"end":{"line":16,"column":44}},"5":{"start":{"line":22,"column":27},"end":{"line":22,"column":67}},"6":{"start":{"line":24,"column":0},"end":{"line":24,"column":35}},"7":{"start":{"line":25,"column":0},"end":{"line":25,"column":46}},"8":{"start":{"line":26,"column":0},"end":{"line":26,"column":45}},"9":{"start":{"line":27,"column":0},"end":{"line":27,"column":61}},"10":{"start":{"line":28,"column":0},"end":{"line":28,"column":50}},"11":{"start":{"line":29,"column":0},"end":{"line":29,"column":19}},"12":{"start":{"line":31,"column":0},"end":{"line":36,"column":2}}},"fnMap":{"0":{"name":"getDatabaseUri","decl":{"start":{"line":13,"column":9},"end":{"line":13,"column":23}},"loc":{"start":{"line":13,"column":26},"end":{"line":17,"column":1}},"line":13}},"branchMap":{"0":{"loc":{"start":{"line":8,"column":19},"end":{"line":8,"column":57}},"type":"binary-expr","locations":[{"start":{"line":8,"column":19},"end":{"line":8,"column":41}},{"start":{"line":8,"column":45},"end":{"line":8,"column":57}}],"line":8},"1":{"loc":{"start":{"line":10,"column":13},"end":{"line":10,"column":38}},"type":"binary-expr","locations":[{"start":{"line":10,"column":13},"end":{"line":10,"column":30}},{"start":{"line":10,"column":34},"end":{"line":10,"column":38}}],"line":10},"2":{"loc":{"start":{"line":14,"column":9},"end":{"line":16,"column":43}},"type":"cond-expr","locations":[{"start":{"line":15,"column":8},"end":{"line":15,"column":20}},{"start":{"line":16,"column":8},"end":{"line":16,"column":43}}],"line":14},"3":{"loc":{"start":{"line":16,"column":8},"end":{"line":16,"column":43}},"type":"binary-expr","locations":[{"start":{"line":16,"column":8},"end":{"line":16,"column":32}},{"start":{"line":16,"column":36},"end":{"line":16,"column":43}}],"line":16},"4":{"loc":{"start":{"line":22,"column":27},"end":{"line":22,"column":67}},"type":"cond-expr","locations":[{"start":{"line":22,"column":61},"end":{"line":22,"column":62}},{"start":{"line":22,"column":65},"end":{"line":22,"column":67}}],"line":22}},"s":{"0":10,"1":10,"2":10,"3":10,"4":19,"5":10,"6":10,"7":10,"8":10,"9":10,"10":10,"11":10,"12":10},"f":{"0":19},"b":{"0":[10,9],"1":[10,9],"2":[16,3],"3":[3,1],"4":[9,1]},"_coverageSchema":"1a1c01bbd47fc00a2c39e90264f33305004495a9","hash":"dd8b19c964f0e945c65cdc2e9ca8533092793693"}
,"/Users/owen/Desktop/projects/code/rithm/bootcamp/week-07/day-03/pairing/express-jobly/db.js": {"path":"/Users/owen/Desktop/projects/code/rithm/bootcamp/week-07/day-03/pairing/express-jobly/db.js","statementMap":{"0":{"start":{"line":5,"column":19},"end":{"line":5,"column":32}},"1":{"start":{"line":6,"column":27},"end":{"line":6,"column":46}},"2":{"start":{"line":8,"column":11},"end":{"line":10,"column":2}},"3":{"start":{"line":12,"column":0},"end":{"line":12,"column":13}},"4":{"start":{"line":14,"column":0},"end":{"line":14,"column":20}}},"fnMap":{},"branchMap":{},"s":{"0":6,"1":6,"2":6,"3":6,"4":6},"f":{},"b":{},"_coverageSchema":"1a1c01bbd47fc00a2c39e90264f33305004495a9","hash":"5662eb87fc11df0754cc4bd23079f5300d04d249"}
,"/Users/owen/Desktop/projects/code/rithm/bootcamp/week-07/day-03/pairing/express-jobly/expressError.js": {"path":"/Users/owen/Desktop/projects/code/rithm/bootcamp/week-07/day-03/pairing/express-jobly/expressError.js","statementMap":{"0":{"start":{"line":9,"column":4},"end":{"line":9,"column":12}},"1":{"start":{"line":10,"column":4},"end":{"line":10,"column":27}},"2":{"start":{"line":11,"column":4},"end":{"line":11,"column":25}},"3":{"start":{"line":19,"column":4},"end":{"line":19,"column":24}},"4":{"start":{"line":27,"column":4},"end":{"line":27,"column":24}},"5":{"start":{"line":35,"column":4},"end":{"line":35,"column":24}},"6":{"start":{"line":43,"column":4},"end":{"line":43,"column":24}},"7":{"start":{"line":47,"column":0},"end":{"line":53,"column":2}}},"fnMap":{"0":{"name":"(anonymous_0)","decl":{"start":{"line":8,"column":2},"end":{"line":8,"column":3}},"loc":{"start":{"line":8,"column":31},"end":{"line":12,"column":3}},"line":8},"1":{"name":"(anonymous_1)","decl":{"start":{"line":18,"column":2},"end":{"line":18,"column":3}},"loc":{"start":{"line":18,"column":37},"end":{"line":20,"column":3}},"line":18},"2":{"name":"(anonymous_2)","decl":{"start":{"line":26,"column":2},"end":{"line":26,"column":3}},"loc":{"start":{"line":26,"column":40},"end":{"line":28,"column":3}},"line":26},"3":{"name":"(anonymous_3)","decl":{"start":{"line":34,"column":2},"end":{"line":34,"column":3}},"loc":{"start":{"line":34,"column":39},"end":{"line":36,"column":3}},"line":34},"4":{"name":"(anonymous_4)","decl":{"start":{"line":42,"column":2},"end":{"line":42,"column":3}},"loc":{"start":{"line":42,"column":39},"end":{"line":44,"column":3}},"line":42}},"branchMap":{"0":{"loc":{"start":{"line":18,"column":14},"end":{"line":18,"column":35}},"type":"default-arg","locations":[{"start":{"line":18,"column":24},"end":{"line":18,"column":35}}],"line":18},"1":{"loc":{"start":{"line":26,"column":14},"end":{"line":26,"column":38}},"type":"default-arg","locations":[{"start":{"line":26,"column":24},"end":{"line":26,"column":38}}],"line":26},"2":{"loc":{"start":{"line":34,"column":14},"end":{"line":34,"column":37}},"type":"default-arg","locations":[{"start":{"line":34,"column":24},"end":{"line":34,"column":37}}],"line":34},"3":{"loc":{"start":{"line":42,"column":14},"end":{"line":42,"column":37}},"type":"default-arg","locations":[{"start":{"line":42,"column":24},"end":{"line":42,"column":37}}],"line":42}},"s":{"0":29,"1":29,"2":29,"3":11,"4":8,"5":10,"6":0,"7":8},"f":{"0":29,"1":11,"2":8,"3":10,"4":0},"b":{"0":[2],"1":[6],"2":[1],"3":[0]},"_coverageSchema":"1a1c01bbd47fc00a2c39e90264f33305004495a9","hash":"0ab01ee2bf35677152ba9042ba4490a1573476b5"}
,"/Users/owen/Desktop/projects/code/rithm/bootcamp/week-07/day-03/pairing/express-jobly/helpers/sql.js": {"path":"/Users/owen/Desktop/projects/code/rithm/bootcamp/week-07/day-03/pairing/express-jobly/helpers/sql.js","statementMap":{"0":{"start":{"line":1,"column":28},"end":{"line":1,"column":56}},"1":{"start":{"line":14,"column":15},"end":{"line":14,"column":42}},"2":{"start":{"line":15,"column":2},"end":{"line":16,"column":43}},"3":{"start":{"line":16,"column":4},"end":{"line":16,"column":43}},"4":{"start":{"line":19,"column":15},"end":{"line":19,"column":93}},"5":{"start":{"line":19,"column":45},"end":{"line":19,"column":91}},"6":{"start":{"line":21,"column":2},"end":{"line":21,"column":79}},"7":{"start":{"line":32,"column":15},"end":{"line":32,"column":37}},"8":{"start":{"line":34,"column":23},"end":{"line":34,"column":66}},"9":{"start":{"line":34,"column":51},"end":{"line":34,"column":64}},"10":{"start":{"line":36,"column":2},"end":{"line":36,"column":74}},"11":{"start":{"line":39,"column":0},"end":{"line":42,"column":2}}},"fnMap":{"0":{"name":"sqlForPartialUpdate","decl":{"start":{"line":13,"column":9},"end":{"line":13,"column":28}},"loc":{"start":{"line":13,"column":54},"end":{"line":22,"column":1}},"line":13},"1":{"name":"(anonymous_1)","decl":{"start":{"line":19,"column":25},"end":{"line":19,"column":26}},"loc":{"start":{"line":19,"column":45},"end":{"line":19,"column":91}},"line":19},"2":{"name":"sqlForFilter","decl":{"start":{"line":31,"column":9},"end":{"line":31,"column":21}},"loc":{"start":{"line":31,"column":33},"end":{"line":37,"column":1}},"line":31},"3":{"name":"(anonymous_3)","decl":{"start":{"line":34,"column":33},"end":{"line":34,"column":34}},"loc":{"start":{"line":34,"column":51},"end":{"line":34,"column":64}},"line":34}},"branchMap":{"0":{"loc":{"start":{"line":15,"column":2},"end":{"line":16,"column":43}},"type":"if","locations":[{"start":{"line":15,"column":2},"end":{"line":16,"column":43}},{"start":{},"end":{}}],"line":15},"1":{"loc":{"start":{"line":19,"column":49},"end":{"line":19,"column":76}},"type":"binary-expr","locations":[{"start":{"line":19,"column":49},"end":{"line":19,"column":65}},{"start":{"line":19,"column":69},"end":{"line":19,"column":76}}],"line":19}},"s":{"0":7,"1":13,"2":13,"3":3,"4":10,"5":23,"6":10,"7":0,"8":0,"9":0,"10":0,"11":7},"f":{"0":13,"1":23,"2":0,"3":0},"b":{"0":[3,10],"1":[23,10]},"_coverageSchema":"1a1c01bbd47fc00a2c39e90264f33305004495a9","hash":"56d0e414a3f3086e401f715a97f38d9d5721de4d"}
,"/Users/owen/Desktop/projects/code/rithm/bootcamp/week-07/day-03/pairing/express-jobly/helpers/tokens.js": {"path":"/Users/owen/Desktop/projects/code/rithm/bootcamp/week-07/day-03/pairing/express-jobly/helpers/tokens.js","statementMap":{"0":{"start":{"line":1,"column":12},"end":{"line":1,"column":35}},"1":{"start":{"line":2,"column":23},"end":{"line":2,"column":43}},"2":{"start":{"line":7,"column":2},"end":{"line":8,"column":58}},"3":{"start":{"line":10,"column":16},"end":{"line":13,"column":3}},"4":{"start":{"line":15,"column":2},"end":{"line":15,"column":39}},"5":{"start":{"line":18,"column":0},"end":{"line":18,"column":33}}},"fnMap":{"0":{"name":"createToken","decl":{"start":{"line":6,"column":9},"end":{"line":6,"column":20}},"loc":{"start":{"line":6,"column":27},"end":{"line":16,"column":1}},"line":6}},"branchMap":{"0":{"loc":{"start":{"line":12,"column":13},"end":{"line":12,"column":34}},"type":"binary-expr","locations":[{"start":{"line":12,"column":13},"end":{"line":12,"column":25}},{"start":{"line":12,"column":29},"end":{"line":12,"column":34}}],"line":12}},"s":{"0":5,"1":5,"2":11,"3":11,"4":11,"5":5},"f":{"0":11},"b":{"0":[11,6]},"_coverageSchema":"1a1c01bbd47fc00a2c39e90264f33305004495a9","hash":"20d9e17d608146fb0aff8089170e3b7fe40c0500"}
,"/Users/owen/Desktop/projects/code/rithm/bootcamp/week-07/day-03/pairing/express-jobly/middleware/auth.js": {"path":"/Users/owen/Desktop/projects/code/rithm/bootcamp/week-07/day-03/pairing/express-jobly/middleware/auth.js","statementMap":{"0":{"start":{"line":5,"column":12},"end":{"line":5,"column":35}},"1":{"start":{"line":6,"column":23},"end":{"line":6,"column":43}},"2":{"start":{"line":7,"column":30},"end":{"line":7,"column":56}},"3":{"start":{"line":18,"column":2},"end":{"line":27,"column":3}},"4":{"start":{"line":19,"column":23},"end":{"line":19,"column":63}},"5":{"start":{"line":20,"column":4},"end":{"line":23,"column":5}},"6":{"start":{"line":21,"column":20},"end":{"line":21,"column":64}},"7":{"start":{"line":22,"column":6},"end":{"line":22,"column":54}},"8":{"start":{"line":24,"column":4},"end":{"line":24,"column":18}},"9":{"start":{"line":26,"column":4},"end":{"line":26,"column":18}},"10":{"start":{"line":36,"column":2},"end":{"line":41,"column":3}},"11":{"start":{"line":37,"column":4},"end":{"line":37,"column":56}},"12":{"start":{"line":37,"column":26},"end":{"line":37,"column":56}},"13":{"start":{"line":38,"column":4},"end":{"line":38,"column":18}},"14":{"start":{"line":40,"column":4},"end":{"line":40,"column":21}},"15":{"start":{"line":50,"column":2},"end":{"line":57,"column":3}},"16":{"start":{"line":51,"column":4},"end":{"line":53,"column":5}},"17":{"start":{"line":52,"column":6},"end":{"line":52,"column":75}},"18":{"start":{"line":54,"column":4},"end":{"line":54,"column":18}},"19":{"start":{"line":56,"column":4},"end":{"line":56,"column":21}},"20":{"start":{"line":60,"column":0},"end":{"line":64,"column":2}}},"fnMap":{"0":{"name":"authenticateJWT","decl":{"start":{"line":17,"column":9},"end":{"line":17,"column":24}},"loc":{"start":{"line":17,"column":41},"end":{"line":28,"column":1}},"line":17},"1":{"name":"ensureLoggedIn","decl":{"start":{"line":35,"column":9},"end":{"line":35,"column":23}},"loc":{"start":{"line":35,"column":40},"end":{"line":42,"column":1}},"line":35},"2":{"name":"ensureAdmin","decl":{"start":{"line":49,"column":9},"end":{"line":49,"column":20}},"loc":{"start":{"line":49,"column":37},"end":{"line":58,"column":1}},"line":49}},"branchMap":{"0":{"loc":{"start":{"line":19,"column":23},"end":{"line":19,"column":63}},"type":"binary-expr","locations":[{"start":{"line":19,"column":23},"end":{"line":19,"column":34}},{"start":{"line":19,"column":38},"end":{"line":19,"column":63}}],"line":19},"1":{"loc":{"start":{"line":20,"column":4},"end":{"line":23,"column":5}},"type":"if","locations":[{"start":{"line":20,"column":4},"end":{"line":23,"column":5}},{"start":{},"end":{}}],"line":20},"2":{"loc":{"start":{"line":37,"column":4},"end":{"line":37,"column":56}},"type":"if","locations":[{"start":{"line":37,"column":4},"end":{"line":37,"column":56}},{"start":{},"end":{}}],"line":37},"3":{"loc":{"start":{"line":51,"column":4},"end":{"line":53,"column":5}},"type":"if","locations":[{"start":{"line":51,"column":4},"end":{"line":53,"column":5}},{"start":{},"end":{}}],"line":51}},"s":{"0":5,"1":5,"2":5,"3":24,"4":24,"5":24,"6":16,"7":16,"8":23,"9":1,"10":21,"11":21,"12":6,"13":15,"14":6,"15":0,"16":0,"17":0,"18":0,"19":0,"20":5},"f":{"0":24,"1":21,"2":0},"b":{"0":[24,23],"1":[16,8],"2":[6,15],"3":[0,0]},"_coverageSchema":"1a1c01bbd47fc00a2c39e90264f33305004495a9","hash":"6827f15d6bd99d419f65f6dd7e1dd3c8c08d4655"}
,"/Users/owen/Desktop/projects/code/rithm/bootcamp/week-07/day-03/pairing/express-jobly/models/_testCommon.js": {"path":"/Users/owen/Desktop/projects/code/rithm/bootcamp/week-07/day-03/pairing/express-jobly/models/_testCommon.js","statementMap":{"0":{"start":{"line":1,"column":15},"end":{"line":1,"column":32}},"1":{"start":{"line":3,"column":11},"end":{"line":3,"column":30}},"2":{"start":{"line":4,"column":31},"end":{"line":4,"column":51}},"3":{"start":{"line":8,"column":2},"end":{"line":8,"column":42}},"4":{"start":{"line":10,"column":2},"end":{"line":10,"column":38}},"5":{"start":{"line":12,"column":2},"end":{"line":16,"column":55}},"6":{"start":{"line":18,"column":2},"end":{"line":30,"column":9}},"7":{"start":{"line":34,"column":2},"end":{"line":34,"column":26}},"8":{"start":{"line":38,"column":2},"end":{"line":38,"column":29}},"9":{"start":{"line":42,"column":2},"end":{"line":42,"column":17}},"10":{"start":{"line":46,"column":0},"end":{"line":51,"column":2}}},"fnMap":{"0":{"name":"commonBeforeAll","decl":{"start":{"line":6,"column":15},"end":{"line":6,"column":30}},"loc":{"start":{"line":6,"column":33},"end":{"line":31,"column":1}},"line":6},"1":{"name":"commonBeforeEach","decl":{"start":{"line":33,"column":15},"end":{"line":33,"column":31}},"loc":{"start":{"line":33,"column":34},"end":{"line":35,"column":1}},"line":33},"2":{"name":"commonAfterEach","decl":{"start":{"line":37,"column":15},"end":{"line":37,"column":30}},"loc":{"start":{"line":37,"column":33},"end":{"line":39,"column":1}},"line":37},"3":{"name":"commonAfterAll","decl":{"start":{"line":41,"column":15},"end":{"line":41,"column":29}},"loc":{"start":{"line":41,"column":32},"end":{"line":43,"column":1}},"line":41}},"branchMap":{},"s":{"0":2,"1":2,"2":2,"3":2,"4":2,"5":2,"6":2,"7":32,"8":32,"9":2,"10":2},"f":{"0":2,"1":32,"2":32,"3":2},"b":{},"_coverageSchema":"1a1c01bbd47fc00a2c39e90264f33305004495a9","hash":"bfa8bd8edf25a1602f3cd65e970ba8025b9dfce7"}
,"/Users/owen/Desktop/projects/code/rithm/bootcamp/week-07/day-03/pairing/express-jobly/models/company.js": {"path":"/Users/owen/Desktop/projects/code/rithm/bootcamp/week-07/day-03/pairing/express-jobly/models/company.js","statementMap":{"0":{"start":{"line":3,"column":11},"end":{"line":3,"column":29}},"1":{"start":{"line":4,"column":43},"end":{"line":4,"column":71}},"2":{"start":{"line":5,"column":46},"end":{"line":5,"column":73}},"3":{"start":{"line":20,"column":27},"end":{"line":22,"column":43}},"4":{"start":{"line":24,"column":4},"end":{"line":25,"column":66}},"5":{"start":{"line":25,"column":6},"end":{"line":25,"column":66}},"6":{"start":{"line":27,"column":19},"end":{"line":35,"column":159}},"7":{"start":{"line":36,"column":20},"end":{"line":36,"column":36}},"8":{"start":{"line":38,"column":4},"end":{"line":38,"column":19}},"9":{"start":{"line":49,"column":4},"end":{"line":53,"column":5}},"10":{"start":{"line":52,"column":6},"end":{"line":52,"column":34}},"11":{"start":{"line":55,"column":22},"end":{"line":55,"column":24}},"12":{"start":{"line":56,"column":17},"end":{"line":56,"column":19}},"13":{"start":{"line":58,"column":49},"end":{"line":58,"column":56}},"14":{"start":{"line":60,"column":4},"end":{"line":84,"column":5}},"15":{"start":{"line":62,"column":33},"end":{"line":62,"column":35}},"16":{"start":{"line":63,"column":20},"end":{"line":63,"column":21}},"17":{"start":{"line":65,"column":6},"end":{"line":70,"column":7}},"18":{"start":{"line":66,"column":8},"end":{"line":66,"column":18}},"19":{"start":{"line":68,"column":8},"end":{"line":68,"column":60}},"20":{"start":{"line":69,"column":8},"end":{"line":69,"column":42}},"21":{"start":{"line":71,"column":6},"end":{"line":75,"column":7}},"22":{"start":{"line":72,"column":8},"end":{"line":72,"column":18}},"23":{"start":{"line":73,"column":8},"end":{"line":73,"column":66}},"24":{"start":{"line":74,"column":8},"end":{"line":74,"column":34}},"25":{"start":{"line":76,"column":6},"end":{"line":80,"column":7}},"26":{"start":{"line":77,"column":8},"end":{"line":77,"column":18}},"27":{"start":{"line":78,"column":8},"end":{"line":78,"column":66}},"28":{"start":{"line":79,"column":8},"end":{"line":79,"column":34}},"29":{"start":{"line":82,"column":6},"end":{"line":82,"column":29}},"30":{"start":{"line":83,"column":6},"end":{"line":83,"column":56}},"31":{"start":{"line":87,"column":25},"end":{"line":95,"column":22}},"32":{"start":{"line":97,"column":4},"end":{"line":97,"column":29}},"33":{"start":{"line":109,"column":23},"end":{"line":115,"column":43}},"34":{"start":{"line":117,"column":20},"end":{"line":117,"column":40}},"35":{"start":{"line":119,"column":4},"end":{"line":120,"column":57}},"36":{"start":{"line":120,"column":6},"end":{"line":120,"column":57}},"37":{"start":{"line":122,"column":4},"end":{"line":122,"column":19}},"38":{"start":{"line":138,"column":32},"end":{"line":141,"column":7}},"39":{"start":{"line":142,"column":25},"end":{"line":143,"column":25}},"40":{"start":{"line":145,"column":21},"end":{"line":149,"column":100}},"41":{"start":{"line":150,"column":19},"end":{"line":153,"column":7}},"42":{"start":{"line":154,"column":20},"end":{"line":154,"column":36}},"43":{"start":{"line":156,"column":4},"end":{"line":157,"column":57}},"44":{"start":{"line":157,"column":6},"end":{"line":157,"column":57}},"45":{"start":{"line":159,"column":4},"end":{"line":159,"column":19}},"46":{"start":{"line":168,"column":19},"end":{"line":171,"column":42}},"47":{"start":{"line":173,"column":20},"end":{"line":173,"column":36}},"48":{"start":{"line":175,"column":4},"end":{"line":176,"column":57}},"49":{"start":{"line":176,"column":6},"end":{"line":176,"column":57}},"50":{"start":{"line":180,"column":0},"end":{"line":180,"column":25}}},"fnMap":{"0":{"name":"(anonymous_0)","decl":{"start":{"line":19,"column":2},"end":{"line":19,"column":3}},"loc":{"start":{"line":19,"column":78},"end":{"line":39,"column":3}},"line":19},"1":{"name":"(anonymous_1)","decl":{"start":{"line":47,"column":2},"end":{"line":47,"column":3}},"loc":{"start":{"line":47,"column":34},"end":{"line":98,"column":3}},"line":47},"2":{"name":"(anonymous_2)","decl":{"start":{"line":108,"column":2},"end":{"line":108,"column":3}},"loc":{"start":{"line":108,"column":29},"end":{"line":123,"column":3}},"line":108},"3":{"name":"(anonymous_3)","decl":{"start":{"line":137,"column":2},"end":{"line":137,"column":3}},"loc":{"start":{"line":137,"column":38},"end":{"line":160,"column":3}},"line":137},"4":{"name":"(anonymous_4)","decl":{"start":{"line":167,"column":2},"end":{"line":167,"column":3}},"loc":{"start":{"line":167,"column":32},"end":{"line":177,"column":3}},"line":167}},"branchMap":{"0":{"loc":{"start":{"line":24,"column":4},"end":{"line":25,"column":66}},"type":"if","locations":[{"start":{"line":24,"column":4},"end":{"line":25,"column":66}},{"start":{},"end":{}}],"line":24},"1":{"loc":{"start":{"line":49,"column":4},"end":{"line":53,"column":5}},"type":"if","locations":[{"start":{"line":49,"column":4},"end":{"line":53,"column":5}},{"start":{},"end":{}}],"line":49},"2":{"loc":{"start":{"line":49,"column":9},"end":{"line":51,"column":54}},"type":"binary-expr","locations":[{"start":{"line":49,"column":9},"end":{"line":49,"column":43}},{"start":{"line":50,"column":11},"end":{"line":50,"column":45}},{"start":{"line":51,"column":11},"end":{"line":51,"column":54}}],"line":49},"3":{"loc":{"start":{"line":60,"column":4},"end":{"line":84,"column":5}},"type":"if","locations":[{"start":{"line":60,"column":4},"end":{"line":84,"column":5}},{"start":{},"end":{}}],"line":60},"4":{"loc":{"start":{"line":65,"column":6},"end":{"line":70,"column":7}},"type":"if","locations":[{"start":{"line":65,"column":6},"end":{"line":70,"column":7}},{"start":{},"end":{}}],"line":65},"5":{"loc":{"start":{"line":71,"column":6},"end":{"line":75,"column":7}},"type":"if","locations":[{"start":{"line":71,"column":6},"end":{"line":75,"column":7}},{"start":{},"end":{}}],"line":71},"6":{"loc":{"start":{"line":76,"column":6},"end":{"line":80,"column":7}},"type":"if","locations":[{"start":{"line":76,"column":6},"end":{"line":80,"column":7}},{"start":{},"end":{}}],"line":76},"7":{"loc":{"start":{"line":119,"column":4},"end":{"line":120,"column":57}},"type":"if","locations":[{"start":{"line":119,"column":4},"end":{"line":120,"column":57}},{"start":{},"end":{}}],"line":119},"8":{"loc":{"start":{"line":156,"column":4},"end":{"line":157,"column":57}},"type":"if","locations":[{"start":{"line":156,"column":4},"end":{"line":157,"column":57}},{"start":{},"end":{}}],"line":156},"9":{"loc":{"start":{"line":175,"column":4},"end":{"line":176,"column":57}},"type":"if","locations":[{"start":{"line":175,"column":4},"end":{"line":176,"column":57}},{"start":{},"end":{}}],"line":175}},"s":{"0":5,"1":5,"2":5,"3":10,"4":10,"5":1,"6":9,"7":8,"8":8,"9":7,"10":1,"11":6,"12":6,"13":6,"14":6,"15":5,"16":5,"17":5,"18":2,"19":2,"20":2,"21":5,"22":3,"23":3,"24":3,"25":5,"26":2,"27":2,"28":2,"29":5,"30":5,"31":6,"32":6,"33":2,"34":2,"35":2,"36":1,"37":1,"38":4,"39":3,"40":3,"41":3,"42":3,"43":3,"44":1,"45":2,"46":2,"47":2,"48":2,"49":1,"50":5},"f":{"0":10,"1":7,"2":2,"3":4,"4":2},"b":{"0":[1,9],"1":[1,6],"2":[7,4,2],"3":[5,1],"4":[2,3],"5":[3,2],"6":[2,3],"7":[1,1],"8":[1,2],"9":[1,1]},"_coverageSchema":"1a1c01bbd47fc00a2c39e90264f33305004495a9","hash":"5a17bbf110a76628c6863819b82071c2fb7b77d1"}
,"/Users/owen/Desktop/projects/code/rithm/bootcamp/week-07/day-03/pairing/express-jobly/models/user.js": {"path":"/Users/owen/Desktop/projects/code/rithm/bootcamp/week-07/day-03/pairing/express-jobly/models/user.js","statementMap":{"0":{"start":{"line":3,"column":11},"end":{"line":3,"column":27}},"1":{"start":{"line":4,"column":15},"end":{"line":4,"column":32}},"2":{"start":{"line":5,"column":32},"end":{"line":5,"column":57}},"3":{"start":{"line":10,"column":4},"end":{"line":10,"column":30}},"4":{"start":{"line":12,"column":31},"end":{"line":12,"column":54}},"5":{"start":{"line":26,"column":19},"end":{"line":36,"column":5}},"6":{"start":{"line":38,"column":17},"end":{"line":38,"column":31}},"7":{"start":{"line":41,"column":4},"end":{"line":48,"column":5}},"8":{"start":{"line":43,"column":22},"end":{"line":43,"column":67}},"9":{"start":{"line":44,"column":6},"end":{"line":47,"column":7}},"10":{"start":{"line":45,"column":8},"end":{"line":45,"column":29}},"11":{"start":{"line":46,"column":8},"end":{"line":46,"column":20}},"12":{"start":{"line":50,"column":4},"end":{"line":50,"column":61}},"13":{"start":{"line":62,"column":27},"end":{"line":67,"column":5}},"14":{"start":{"line":69,"column":4},"end":{"line":71,"column":5}},"15":{"start":{"line":70,"column":6},"end":{"line":70,"column":67}},"16":{"start":{"line":73,"column":27},"end":{"line":73,"column":74}},"17":{"start":{"line":75,"column":19},"end":{"line":93,"column":5}},"18":{"start":{"line":95,"column":17},"end":{"line":95,"column":31}},"19":{"start":{"line":97,"column":4},"end":{"line":97,"column":16}},"20":{"start":{"line":106,"column":19},"end":{"line":114,"column":5}},"21":{"start":{"line":116,"column":4},"end":{"line":116,"column":23}},"22":{"start":{"line":128,"column":20},"end":{"line":137,"column":5}},"23":{"start":{"line":139,"column":17},"end":{"line":139,"column":32}},"24":{"start":{"line":141,"column":4},"end":{"line":141,"column":63}},"25":{"start":{"line":141,"column":15},"end":{"line":141,"column":63}},"26":{"start":{"line":143,"column":4},"end":{"line":143,"column":16}},"27":{"start":{"line":164,"column":4},"end":{"line":166,"column":5}},"28":{"start":{"line":165,"column":6},"end":{"line":165,"column":75}},"29":{"start":{"line":168,"column":32},"end":{"line":174,"column":10}},"30":{"start":{"line":175,"column":27},"end":{"line":175,"column":52}},"31":{"start":{"line":177,"column":21},"end":{"line":184,"column":54}},"32":{"start":{"line":185,"column":19},"end":{"line":185,"column":66}},"33":{"start":{"line":186,"column":17},"end":{"line":186,"column":31}},"34":{"start":{"line":188,"column":4},"end":{"line":188,"column":63}},"35":{"start":{"line":188,"column":15},"end":{"line":188,"column":63}},"36":{"start":{"line":190,"column":4},"end":{"line":190,"column":25}},"37":{"start":{"line":191,"column":4},"end":{"line":191,"column":16}},"38":{"start":{"line":197,"column":17},"end":{"line":203,"column":5}},"39":{"start":{"line":204,"column":17},"end":{"line":204,"column":31}},"40":{"start":{"line":206,"column":4},"end":{"line":206,"column":63}},"41":{"start":{"line":206,"column":15},"end":{"line":206,"column":63}},"42":{"start":{"line":211,"column":0},"end":{"line":211,"column":22}}},"fnMap":{"0":{"name":"(anonymous_0)","decl":{"start":{"line":24,"column":2},"end":{"line":24,"column":3}},"loc":{"start":{"line":24,"column":48},"end":{"line":51,"column":3}},"line":24},"1":{"name":"(anonymous_1)","decl":{"start":{"line":60,"column":2},"end":{"line":60,"column":3}},"loc":{"start":{"line":61,"column":67},"end":{"line":98,"column":3}},"line":61},"2":{"name":"(anonymous_2)","decl":{"start":{"line":105,"column":2},"end":{"line":105,"column":3}},"loc":{"start":{"line":105,"column":25},"end":{"line":117,"column":3}},"line":105},"3":{"name":"(anonymous_3)","decl":{"start":{"line":127,"column":2},"end":{"line":127,"column":3}},"loc":{"start":{"line":127,"column":29},"end":{"line":144,"column":3}},"line":127},"4":{"name":"(anonymous_4)","decl":{"start":{"line":163,"column":2},"end":{"line":163,"column":3}},"loc":{"start":{"line":163,"column":38},"end":{"line":192,"column":3}},"line":163},"5":{"name":"(anonymous_5)","decl":{"start":{"line":196,"column":2},"end":{"line":196,"column":3}},"loc":{"start":{"line":196,"column":32},"end":{"line":207,"column":3}},"line":196}},"branchMap":{"0":{"loc":{"start":{"line":41,"column":4},"end":{"line":48,"column":5}},"type":"if","locations":[{"start":{"line":41,"column":4},"end":{"line":48,"column":5}},{"start":{},"end":{}}],"line":41},"1":{"loc":{"start":{"line":44,"column":6},"end":{"line":47,"column":7}},"type":"if","locations":[{"start":{"line":44,"column":6},"end":{"line":47,"column":7}},{"start":{},"end":{}}],"line":44},"2":{"loc":{"start":{"line":69,"column":4},"end":{"line":71,"column":5}},"type":"if","locations":[{"start":{"line":69,"column":4},"end":{"line":71,"column":5}},{"start":{},"end":{}}],"line":69},"3":{"loc":{"start":{"line":141,"column":4},"end":{"line":141,"column":63}},"type":"if","locations":[{"start":{"line":141,"column":4},"end":{"line":141,"column":63}},{"start":{},"end":{}}],"line":141},"4":{"loc":{"start":{"line":164,"column":4},"end":{"line":166,"column":5}},"type":"if","locations":[{"start":{"line":164,"column":4},"end":{"line":166,"column":5}},{"start":{},"end":{}}],"line":164},"5":{"loc":{"start":{"line":188,"column":4},"end":{"line":188,"column":63}},"type":"if","locations":[{"start":{"line":188,"column":4},"end":{"line":188,"column":63}},{"start":{},"end":{}}],"line":188},"6":{"loc":{"start":{"line":206,"column":4},"end":{"line":206,"column":63}},"type":"if","locations":[{"start":{"line":206,"column":4},"end":{"line":206,"column":63}},{"start":{},"end":{}}],"line":206}},"s":{"0":5,"1":5,"2":5,"3":5,"4":5,"5":4,"6":4,"7":4,"8":2,"9":2,"10":2,"11":2,"12":2,"13":11,"14":11,"15":2,"16":9,"17":9,"18":9,"19":9,"20":3,"21":2,"22":4,"23":4,"24":4,"25":2,"26":2,"27":7,"28":2,"29":7,"30":6,"31":6,"32":6,"33":6,"34":6,"35":2,"36":4,"37":4,"38":4,"39":4,"40":4,"41":2,"42":5},"f":{"0":4,"1":11,"2":3,"3":4,"4":7,"5":4},"b":{"0":[2,2],"1":[2,0],"2":[2,9],"3":[2,2],"4":[2,5],"5":[2,4],"6":[2,2]},"_coverageSchema":"1a1c01bbd47fc00a2c39e90264f33305004495a9","hash":"055b232147caab2710800d26d2ddb64f107e77b1"}
,"/Users/owen/Desktop/projects/code/rithm/bootcamp/week-07/day-03/pairing/express-jobly/routes/_testCommon.js": {"path":"/Users/owen/Desktop/projects/code/rithm/bootcamp/week-07/day-03/pairing/express-jobly/routes/_testCommon.js","statementMap":{"0":{"start":{"line":3,"column":11},"end":{"line":3,"column":30}},"1":{"start":{"line":4,"column":13},"end":{"line":4,"column":38}},"2":{"start":{"line":5,"column":16},"end":{"line":5,"column":44}},"3":{"start":{"line":6,"column":24},"end":{"line":6,"column":52}},"4":{"start":{"line":10,"column":2},"end":{"line":10,"column":38}},"5":{"start":{"line":12,"column":2},"end":{"line":12,"column":42}},"6":{"start":{"line":14,"column":2},"end":{"line":21,"column":9}},"7":{"start":{"line":22,"column":2},"end":{"line":29,"column":9}},"8":{"start":{"line":30,"column":2},"end":{"line":37,"column":9}},"9":{"start":{"line":39,"column":2},"end":{"line":46,"column":5}},"10":{"start":{"line":47,"column":2},"end":{"line":54,"column":5}},"11":{"start":{"line":55,"column":2},"end":{"line":62,"column":5}},"12":{"start":{"line":66,"column":2},"end":{"line":66,"column":26}},"13":{"start":{"line":70,"column":2},"end":{"line":70,"column":29}},"14":{"start":{"line":74,"column":2},"end":{"line":74,"column":17}},"15":{"start":{"line":78,"column":16},"end":{"line":78,"column":63}},"16":{"start":{"line":79,"column":16},"end":{"line":79,"column":62}},"17":{"start":{"line":82,"column":0},"end":{"line":89,"column":2}}},"fnMap":{"0":{"name":"commonBeforeAll","decl":{"start":{"line":8,"column":15},"end":{"line":8,"column":30}},"loc":{"start":{"line":8,"column":33},"end":{"line":63,"column":1}},"line":8},"1":{"name":"commonBeforeEach","decl":{"start":{"line":65,"column":15},"end":{"line":65,"column":31}},"loc":{"start":{"line":65,"column":34},"end":{"line":67,"column":1}},"line":65},"2":{"name":"commonAfterEach","decl":{"start":{"line":69,"column":15},"end":{"line":69,"column":30}},"loc":{"start":{"line":69,"column":33},"end":{"line":71,"column":1}},"line":69},"3":{"name":"commonAfterAll","decl":{"start":{"line":73,"column":15},"end":{"line":73,"column":29}},"loc":{"start":{"line":73,"column":32},"end":{"line":75,"column":1}},"line":73}},"branchMap":{},"s":{"0":3,"1":3,"2":3,"3":3,"4":3,"5":3,"6":3,"7":2,"8":2,"9":2,"10":2,"11":1,"12":19,"13":50,"14":3,"15":3,"16":3,"17":3},"f":{"0":3,"1":19,"2":50,"3":3},"b":{},"_coverageSchema":"1a1c01bbd47fc00a2c39e90264f33305004495a9","hash":"338978d23a9f8f88c53f48339e9ea06e33bf35fe"}
,"/Users/owen/Desktop/projects/code/rithm/bootcamp/week-07/day-03/pairing/express-jobly/routes/auth.js": {"path":"/Users/owen/Desktop/projects/code/rithm/bootcamp/week-07/day-03/pairing/express-jobly/routes/auth.js","statementMap":{"0":{"start":{"line":5,"column":19},"end":{"line":5,"column":40}},"1":{"start":{"line":7,"column":13},"end":{"line":7,"column":38}},"2":{"start":{"line":8,"column":16},"end":{"line":8,"column":34}},"3":{"start":{"line":9,"column":15},"end":{"line":9,"column":35}},"4":{"start":{"line":10,"column":24},"end":{"line":10,"column":52}},"5":{"start":{"line":11,"column":23},"end":{"line":11,"column":58}},"6":{"start":{"line":12,"column":27},"end":{"line":12,"column":66}},"7":{"start":{"line":13,"column":28},"end":{"line":13,"column":54}},"8":{"start":{"line":22,"column":0},"end":{"line":33,"column":3}},"9":{"start":{"line":23,"column":20},"end":{"line":23,"column":65}},"10":{"start":{"line":24,"column":2},"end":{"line":27,"column":3}},"11":{"start":{"line":25,"column":17},"end":{"line":25,"column":51}},"12":{"start":{"line":25,"column":43},"end":{"line":25,"column":50}},"13":{"start":{"line":26,"column":4},"end":{"line":26,"column":36}},"14":{"start":{"line":29,"column":33},"end":{"line":29,"column":41}},"15":{"start":{"line":30,"column":15},"end":{"line":30,"column":58}},"16":{"start":{"line":31,"column":16},"end":{"line":31,"column":33}},"17":{"start":{"line":32,"column":2},"end":{"line":32,"column":29}},"18":{"start":{"line":45,"column":0},"end":{"line":55,"column":3}},"19":{"start":{"line":46,"column":20},"end":{"line":46,"column":69}},"20":{"start":{"line":47,"column":2},"end":{"line":50,"column":3}},"21":{"start":{"line":48,"column":17},"end":{"line":48,"column":51}},"22":{"start":{"line":48,"column":43},"end":{"line":48,"column":50}},"23":{"start":{"line":49,"column":4},"end":{"line":49,"column":36}},"24":{"start":{"line":52,"column":18},"end":{"line":52,"column":70}},"25":{"start":{"line":53,"column":16},"end":{"line":53,"column":36}},"26":{"start":{"line":54,"column":2},"end":{"line":54,"column":41}},"27":{"start":{"line":58,"column":0},"end":{"line":58,"column":24}}},"fnMap":{"0":{"name":"(anonymous_0)","decl":{"start":{"line":22,"column":22},"end":{"line":22,"column":23}},"loc":{"start":{"line":22,"column":54},"end":{"line":33,"column":1}},"line":22},"1":{"name":"(anonymous_1)","decl":{"start":{"line":25,"column":38},"end":{"line":25,"column":39}},"loc":{"start":{"line":25,"column":43},"end":{"line":25,"column":50}},"line":25},"2":{"name":"(anonymous_2)","decl":{"start":{"line":45,"column":25},"end":{"line":45,"column":26}},"loc":{"start":{"line":45,"column":57},"end":{"line":55,"column":1}},"line":45},"3":{"name":"(anonymous_3)","decl":{"start":{"line":48,"column":38},"end":{"line":48,"column":39}},"loc":{"start":{"line":48,"column":43},"end":{"line":48,"column":50}},"line":48}},"branchMap":{"0":{"loc":{"start":{"line":24,"column":2},"end":{"line":27,"column":3}},"type":"if","locations":[{"start":{"line":24,"column":2},"end":{"line":27,"column":3}},{"start":{},"end":{}}],"line":24},"1":{"loc":{"start":{"line":47,"column":2},"end":{"line":50,"column":3}},"type":"if","locations":[{"start":{"line":47,"column":2},"end":{"line":50,"column":3}},{"start":{},"end":{}}],"line":47}},"s":{"0":4,"1":4,"2":4,"3":4,"4":4,"5":4,"6":4,"7":4,"8":4,"9":0,"10":0,"11":0,"12":0,"13":0,"14":0,"15":0,"16":0,"17":0,"18":4,"19":0,"20":0,"21":0,"22":0,"23":0,"24":0,"25":0,"26":0,"27":4},"f":{"0":0,"1":0,"2":0,"3":0},"b":{"0":[0,0],"1":[0,0]},"_coverageSchema":"1a1c01bbd47fc00a2c39e90264f33305004495a9","hash":"8d2d2e93be79e9d8e4a3a3b82a874d4a442d6cf3"}
,"/Users/owen/Desktop/projects/code/rithm/bootcamp/week-07/day-03/pairing/express-jobly/routes/companies.js": {"path":"/Users/owen/Desktop/projects/code/rithm/bootcamp/week-07/day-03/pairing/express-jobly/routes/companies.js","statementMap":{"0":{"start":{"line":5,"column":19},"end":{"line":5,"column":40}},"1":{"start":{"line":6,"column":16},"end":{"line":6,"column":34}},"2":{"start":{"line":8,"column":28},"end":{"line":8,"column":54}},"3":{"start":{"line":9,"column":40},"end":{"line":9,"column":69}},"4":{"start":{"line":10,"column":16},"end":{"line":10,"column":44}},"5":{"start":{"line":12,"column":25},"end":{"line":12,"column":62}},"6":{"start":{"line":13,"column":28},"end":{"line":13,"column":68}},"7":{"start":{"line":14,"column":28},"end":{"line":14,"column":68}},"8":{"start":{"line":16,"column":15},"end":{"line":16,"column":35}},"9":{"start":{"line":27,"column":0},"end":{"line":36,"column":3}},"10":{"start":{"line":28,"column":20},"end":{"line":28,"column":67}},"11":{"start":{"line":29,"column":2},"end":{"line":32,"column":3}},"12":{"start":{"line":30,"column":17},"end":{"line":30,"column":53}},"13":{"start":{"line":30,"column":45},"end":{"line":30,"column":52}},"14":{"start":{"line":31,"column":4},"end":{"line":31,"column":36}},"15":{"start":{"line":34,"column":18},"end":{"line":34,"column":48}},"16":{"start":{"line":35,"column":2},"end":{"line":35,"column":43}},"17":{"start":{"line":49,"column":0},"end":{"line":67,"column":3}},"18":{"start":{"line":50,"column":16},"end":{"line":50,"column":25}},"19":{"start":{"line":52,"column":2},"end":{"line":54,"column":3}},"20":{"start":{"line":53,"column":4},"end":{"line":53,"column":49}},"21":{"start":{"line":55,"column":2},"end":{"line":57,"column":3}},"22":{"start":{"line":56,"column":4},"end":{"line":56,"column":49}},"23":{"start":{"line":58,"column":20},"end":{"line":58,"column":69}},"24":{"start":{"line":60,"column":2},"end":{"line":63,"column":3}},"25":{"start":{"line":61,"column":17},"end":{"line":61,"column":53}},"26":{"start":{"line":61,"column":45},"end":{"line":61,"column":52}},"27":{"start":{"line":62,"column":4},"end":{"line":62,"column":36}},"28":{"start":{"line":65,"column":20},"end":{"line":65,"column":50}},"29":{"start":{"line":66,"column":2},"end":{"line":66,"column":33}},"30":{"start":{"line":77,"column":0},"end":{"line":80,"column":3}},"31":{"start":{"line":78,"column":18},"end":{"line":78,"column":54}},"32":{"start":{"line":79,"column":2},"end":{"line":79,"column":31}},"33":{"start":{"line":93,"column":0},"end":{"line":102,"column":3}},"34":{"start":{"line":94,"column":20},"end":{"line":94,"column":70}},"35":{"start":{"line":95,"column":2},"end":{"line":98,"column":3}},"36":{"start":{"line":96,"column":17},"end":{"line":96,"column":53}},"37":{"start":{"line":96,"column":45},"end":{"line":96,"column":52}},"38":{"start":{"line":97,"column":4},"end":{"line":97,"column":36}},"39":{"start":{"line":100,"column":18},"end":{"line":100,"column":67}},"40":{"start":{"line":101,"column":2},"end":{"line":101,"column":31}},"41":{"start":{"line":109,"column":0},"end":{"line":112,"column":3}},"42":{"start":{"line":110,"column":2},"end":{"line":110,"column":42}},"43":{"start":{"line":111,"column":2},"end":{"line":111,"column":50}},"44":{"start":{"line":114,"column":0},"end":{"line":114,"column":24}}},"fnMap":{"0":{"name":"(anonymous_0)","decl":{"start":{"line":27,"column":46},"end":{"line":27,"column":47}},"loc":{"start":{"line":27,"column":78},"end":{"line":36,"column":1}},"line":27},"1":{"name":"(anonymous_1)","decl":{"start":{"line":30,"column":38},"end":{"line":30,"column":39}},"loc":{"start":{"line":30,"column":45},"end":{"line":30,"column":52}},"line":30},"2":{"name":"(anonymous_2)","decl":{"start":{"line":49,"column":16},"end":{"line":49,"column":17}},"loc":{"start":{"line":49,"column":48},"end":{"line":67,"column":1}},"line":49},"3":{"name":"(anonymous_3)","decl":{"start":{"line":61,"column":38},"end":{"line":61,"column":39}},"loc":{"start":{"line":61,"column":45},"end":{"line":61,"column":52}},"line":61},"4":{"name":"(anonymous_4)","decl":{"start":{"line":77,"column":23},"end":{"line":77,"column":24}},"loc":{"start":{"line":77,"column":55},"end":{"line":80,"column":1}},"line":77},"5":{"name":"(anonymous_5)","decl":{"start":{"line":93,"column":54},"end":{"line":93,"column":55}},"loc":{"start":{"line":93,"column":86},"end":{"line":102,"column":1}},"line":93},"6":{"name":"(anonymous_6)","decl":{"start":{"line":96,"column":38},"end":{"line":96,"column":39}},"loc":{"start":{"line":96,"column":45},"end":{"line":96,"column":52}},"line":96},"7":{"name":"(anonymous_7)","decl":{"start":{"line":109,"column":55},"end":{"line":109,"column":56}},"loc":{"start":{"line":109,"column":87},"end":{"line":112,"column":1}},"line":109}},"branchMap":{"0":{"loc":{"start":{"line":29,"column":2},"end":{"line":32,"column":3}},"type":"if","locations":[{"start":{"line":29,"column":2},"end":{"line":32,"column":3}},{"start":{},"end":{}}],"line":29},"1":{"loc":{"start":{"line":52,"column":2},"end":{"line":54,"column":3}},"type":"if","locations":[{"start":{"line":52,"column":2},"end":{"line":54,"column":3}},{"start":{},"end":{}}],"line":52},"2":{"loc":{"start":{"line":55,"column":2},"end":{"line":57,"column":3}},"type":"if","locations":[{"start":{"line":55,"column":2},"end":{"line":57,"column":3}},{"start":{},"end":{}}],"line":55},"3":{"loc":{"start":{"line":60,"column":2},"end":{"line":63,"column":3}},"type":"if","locations":[{"start":{"line":60,"column":2},"end":{"line":63,"column":3}},{"start":{},"end":{}}],"line":60},"4":{"loc":{"start":{"line":95,"column":2},"end":{"line":98,"column":3}},"type":"if","locations":[{"start":{"line":95,"column":2},"end":{"line":98,"column":3}},{"start":{},"end":{}}],"line":95}},"s":{"0":4,"1":4,"2":4,"3":4,"4":4,"5":4,"6":4,"7":4,"8":4,"9":4,"10":0,"11":0,"12":0,"13":0,"14":0,"15":0,"16":0,"17":4,"18":0,"19":0,"20":0,"21":0,"22":0,"23":0,"24":0,"25":0,"26":0,"27":0,"28":0,"29":0,"30":4,"31":0,"32":0,"33":4,"34":0,"35":0,"36":0,"37":0,"38":0,"39":0,"40":0,"41":4,"42":0,"43":0,"44":4},"f":{"0":0,"1":0,"2":0,"3":0,"4":0,"5":0,"6":0,"7":0},"b":{"0":[0,0],"1":[0,0],"2":[0,0],"3":[0,0],"4":[0,0]},"_coverageSchema":"1a1c01bbd47fc00a2c39e90264f33305004495a9","hash":"f33e743e6fe747b48ad3916bbcc0731d5bb83824"}
,"/Users/owen/Desktop/projects/code/rithm/bootcamp/week-07/day-03/pairing/express-jobly/routes/users.js": {"path":"/Users/owen/Desktop/projects/code/rithm/bootcamp/week-07/day-03/pairing/express-jobly/routes/users.js","statementMap":{"0":{"start":{"line":5,"column":19},"end":{"line":5,"column":40}},"1":{"start":{"line":7,"column":16},"end":{"line":7,"column":34}},"2":{"start":{"line":8,"column":27},"end":{"line":8,"column":56}},"3":{"start":{"line":9,"column":28},"end":{"line":9,"column":54}},"4":{"start":{"line":10,"column":13},"end":{"line":10,"column":38}},"5":{"start":{"line":11,"column":24},"end":{"line":11,"column":52}},"6":{"start":{"line":12,"column":22},"end":{"line":12,"column":56}},"7":{"start":{"line":13,"column":25},"end":{"line":13,"column":62}},"8":{"start":{"line":16,"column":15},"end":{"line":16,"column":31}},"9":{"start":{"line":31,"column":0},"end":{"line":41,"column":3}},"10":{"start":{"line":32,"column":20},"end":{"line":32,"column":64}},"11":{"start":{"line":33,"column":2},"end":{"line":36,"column":3}},"12":{"start":{"line":34,"column":17},"end":{"line":34,"column":51}},"13":{"start":{"line":34,"column":43},"end":{"line":34,"column":50}},"14":{"start":{"line":35,"column":4},"end":{"line":35,"column":36}},"15":{"start":{"line":38,"column":15},"end":{"line":38,"column":44}},"16":{"start":{"line":39,"column":16},"end":{"line":39,"column":33}},"17":{"start":{"line":40,"column":2},"end":{"line":40,"column":47}},"18":{"start":{"line":51,"column":0},"end":{"line":54,"column":3}},"19":{"start":{"line":52,"column":16},"end":{"line":52,"column":36}},"20":{"start":{"line":53,"column":2},"end":{"line":53,"column":29}},"21":{"start":{"line":64,"column":0},"end":{"line":67,"column":3}},"22":{"start":{"line":65,"column":15},"end":{"line":65,"column":50}},"23":{"start":{"line":66,"column":2},"end":{"line":66,"column":28}},"24":{"start":{"line":80,"column":0},"end":{"line":89,"column":3}},"25":{"start":{"line":81,"column":20},"end":{"line":81,"column":67}},"26":{"start":{"line":82,"column":2},"end":{"line":85,"column":3}},"27":{"start":{"line":83,"column":17},"end":{"line":83,"column":51}},"28":{"start":{"line":83,"column":43},"end":{"line":83,"column":50}},"29":{"start":{"line":84,"column":4},"end":{"line":84,"column":36}},"30":{"start":{"line":87,"column":15},"end":{"line":87,"column":63}},"31":{"start":{"line":88,"column":2},"end":{"line":88,"column":28}},"32":{"start":{"line":97,"column":0},"end":{"line":100,"column":3}},"33":{"start":{"line":98,"column":2},"end":{"line":98,"column":41}},"34":{"start":{"line":99,"column":2},"end":{"line":99,"column":52}},"35":{"start":{"line":103,"column":0},"end":{"line":103,"column":24}}},"fnMap":{"0":{"name":"(anonymous_0)","decl":{"start":{"line":31,"column":33},"end":{"line":31,"column":34}},"loc":{"start":{"line":31,"column":65},"end":{"line":41,"column":1}},"line":31},"1":{"name":"(anonymous_1)","decl":{"start":{"line":34,"column":38},"end":{"line":34,"column":39}},"loc":{"start":{"line":34,"column":43},"end":{"line":34,"column":50}},"line":34},"2":{"name":"(anonymous_2)","decl":{"start":{"line":51,"column":32},"end":{"line":51,"column":33}},"loc":{"start":{"line":51,"column":64},"end":{"line":54,"column":1}},"line":51},"3":{"name":"(anonymous_3)","decl":{"start":{"line":64,"column":41},"end":{"line":64,"column":42}},"loc":{"start":{"line":64,"column":73},"end":{"line":67,"column":1}},"line":64},"4":{"name":"(anonymous_4)","decl":{"start":{"line":80,"column":43},"end":{"line":80,"column":44}},"loc":{"start":{"line":80,"column":75},"end":{"line":89,"column":1}},"line":80},"5":{"name":"(anonymous_5)","decl":{"start":{"line":83,"column":38},"end":{"line":83,"column":39}},"loc":{"start":{"line":83,"column":43},"end":{"line":83,"column":50}},"line":83},"6":{"name":"(anonymous_6)","decl":{"start":{"line":97,"column":44},"end":{"line":97,"column":45}},"loc":{"start":{"line":97,"column":76},"end":{"line":100,"column":1}},"line":97}},"branchMap":{"0":{"loc":{"start":{"line":33,"column":2},"end":{"line":36,"column":3}},"type":"if","locations":[{"start":{"line":33,"column":2},"end":{"line":36,"column":3}},{"start":{},"end":{}}],"line":33},"1":{"loc":{"start":{"line":82,"column":2},"end":{"line":85,"column":3}},"type":"if","locations":[{"start":{"line":82,"column":2},"end":{"line":85,"column":3}},{"start":{},"end":{}}],"line":82}},"s":{"0":4,"1":4,"2":4,"3":4,"4":4,"5":4,"6":4,"7":4,"8":4,"9":4,"10":4,"11":4,"12":2,"13":5,"14":2,"15":2,"16":2,"17":2,"18":4,"19":2,"20":1,"21":4,"22":2,"23":1,"24":4,"25":4,"26":4,"27":1,"28":1,"29":1,"30":3,"31":2,"32":4,"33":2,"34":1,"35":4},"f":{"0":4,"1":5,"2":2,"3":2,"4":4,"5":1,"6":2},"b":{"0":[2,2],"1":[1,3]},"_coverageSchema":"1a1c01bbd47fc00a2c39e90264f33305004495a9","hash":"665f24f99d8d735132b50b515f9f1b93f42bd0d1"}
}
