TN:
SF:app.js
FN:30,(anonymous_0)
FN:35,(anonymous_1)
FNF:2
FNH:2
FNDA:2,(anonymous_0)
FNDA:14,(anonymous_1)
DA:5,4
DA:6,4
DA:8,4
DA:10,4
DA:11,4
DA:12,4
DA:13,4
DA:15,4
DA:17,4
DA:19,4
DA:20,4
DA:21,4
DA:22,4
DA:24,4
DA:25,4
DA:26,4
DA:30,4
DA:31,2
DA:35,4
DA:36,14
DA:37,14
DA:38,14
DA:40,14
DA:45,4
LF:24
LH:24
BRDA:36,0,0,1
BRDA:36,0,1,13
BRDA:37,1,0,14
BRDA:37,1,1,1
BRF:4
BRH:4
end_of_record
TN:
SF:config.js
FN:13,getDatabaseUri
FNF:1
FNH:1
FNDA:19,getDatabaseUri
DA:5,10
DA:6,10
DA:8,10
DA:10,10
DA:14,19
DA:22,10
DA:24,10
DA:25,10
DA:26,10
DA:27,10
DA:28,10
DA:29,10
DA:31,10
LF:13
LH:13
BRDA:8,0,0,10
BRDA:8,0,1,9
BRDA:10,1,0,10
BRDA:10,1,1,9
BRDA:14,2,0,16
BRDA:14,2,1,3
BRDA:16,3,0,3
BRDA:16,3,1,1
BRDA:22,4,0,9
BRDA:22,4,1,1
BRF:10
BRH:10
end_of_record
TN:
SF:db.js
FNF:0
FNH:0
DA:5,6
DA:6,6
DA:8,6
DA:12,6
DA:14,6
LF:5
LH:5
BRF:0
BRH:0
end_of_record
TN:
SF:expressError.js
FN:8,(anonymous_0)
FN:18,(anonymous_1)
FN:26,(anonymous_2)
FN:34,(anonymous_3)
FN:42,(anonymous_4)
FNF:5
FNH:4
FNDA:29,(anonymous_0)
FNDA:11,(anonymous_1)
FNDA:8,(anonymous_2)
FNDA:10,(anonymous_3)
FNDA:0,(anonymous_4)
DA:9,29
DA:10,29
DA:11,29
DA:19,11
DA:27,8
DA:35,10
DA:43,0
DA:47,8
LF:8
LH:7
BRDA:18,0,0,2
BRDA:26,1,0,6
BRDA:34,2,0,1
BRDA:42,3,0,0
BRF:4
BRH:3
end_of_record
TN:
SF:helpers/sql.js
FN:13,sqlForPartialUpdate
FN:19,(anonymous_1)
FN:31,sqlForFilter
FN:34,(anonymous_3)
FNF:4
FNH:2
FNDA:13,sqlForPartialUpdate
FNDA:23,(anonymous_1)
FNDA:0,sqlForFilter
FNDA:0,(anonymous_3)
DA:1,7
DA:14,13
DA:15,13
DA:16,3
DA:19,23
DA:21,10
DA:32,0
DA:34,0
DA:36,0
DA:39,7
LF:10
LH:7
BRDA:15,0,0,3
BRDA:15,0,1,10
BRDA:19,1,0,23
BRDA:19,1,1,10
BRF:4
BRH:4
end_of_record
TN:
SF:helpers/tokens.js
FN:6,createToken
FNF:1
FNH:1
FNDA:11,createToken
DA:1,5
DA:2,5
DA:7,11
DA:10,11
DA:15,11
DA:18,5
LF:6
LH:6
BRDA:12,0,0,11
BRDA:12,0,1,6
BRF:2
BRH:2
end_of_record
TN:
SF:middleware/auth.js
FN:17,authenticateJWT
FN:35,ensureLoggedIn
FN:49,ensureAdmin
FNF:3
FNH:2
FNDA:24,authenticateJWT
FNDA:21,ensureLoggedIn
FNDA:0,ensureAdmin
DA:5,5
DA:6,5
DA:7,5
DA:18,24
DA:19,24
DA:20,24
DA:21,16
DA:22,16
DA:24,23
DA:26,1
DA:36,21
DA:37,21
DA:38,15
DA:40,6
DA:50,0
DA:51,0
DA:52,0
DA:54,0
DA:56,0
DA:60,5
LF:20
LH:15
BRDA:19,0,0,24
BRDA:19,0,1,23
BRDA:20,1,0,16
BRDA:20,1,1,8
BRDA:37,2,0,6
BRDA:37,2,1,15
BRDA:51,3,0,0
BRDA:51,3,1,0
BRF:8
BRH:6
end_of_record
TN:
SF:models/_testCommon.js
FN:6,commonBeforeAll
FN:33,commonBeforeEach
FN:37,commonAfterEach
FN:41,commonAfterAll
FNF:4
FNH:4
FNDA:2,commonBeforeAll
FNDA:32,commonBeforeEach
FNDA:32,commonAfterEach
FNDA:2,commonAfterAll
DA:1,2
DA:3,2
DA:4,2
DA:8,2
DA:10,2
DA:12,2
DA:18,2
DA:34,32
DA:38,32
DA:42,2
DA:46,2
LF:11
LH:11
BRF:0
BRH:0
end_of_record
TN:
SF:models/company.js
FN:19,(anonymous_0)
FN:47,(anonymous_1)
FN:108,(anonymous_2)
FN:137,(anonymous_3)
FN:167,(anonymous_4)
FNF:5
FNH:5
FNDA:10,(anonymous_0)
FNDA:7,(anonymous_1)
FNDA:2,(anonymous_2)
FNDA:4,(anonymous_3)
FNDA:2,(anonymous_4)
DA:3,5
DA:4,5
DA:5,5
DA:20,10
DA:24,10
DA:25,1
DA:27,9
DA:36,8
DA:38,8
DA:49,7
DA:52,1
DA:55,6
DA:56,6
DA:58,6
DA:60,6
DA:62,5
DA:63,5
DA:65,5
DA:66,2
DA:68,2
DA:69,2
DA:71,5
DA:72,3
DA:73,3
DA:74,3
DA:76,5
DA:77,2
DA:78,2
DA:79,2
DA:82,5
DA:83,5
DA:87,6
DA:97,6
DA:109,2
DA:117,2
DA:119,2
DA:120,1
DA:122,1
DA:138,4
DA:142,3
DA:145,3
DA:150,3
DA:154,3
DA:156,3
DA:157,1
DA:159,2
DA:168,2
DA:173,2
DA:175,2
DA:176,1
DA:180,5
LF:51
LH:51
BRDA:24,0,0,1
BRDA:24,0,1,9
BRDA:49,1,0,1
BRDA:49,1,1,6
BRDA:49,2,0,7
BRDA:49,2,1,4
BRDA:49,2,2,2
BRDA:60,3,0,5
BRDA:60,3,1,1
BRDA:65,4,0,2
BRDA:65,4,1,3
BRDA:71,5,0,3
BRDA:71,5,1,2
BRDA:76,6,0,2
BRDA:76,6,1,3
BRDA:119,7,0,1
BRDA:119,7,1,1
BRDA:156,8,0,1
BRDA:156,8,1,2
BRDA:175,9,0,1
BRDA:175,9,1,1
BRF:21
BRH:21
end_of_record
TN:
SF:models/user.js
FN:24,(anonymous_0)
FN:60,(anonymous_1)
FN:105,(anonymous_2)
FN:127,(anonymous_3)
FN:163,(anonymous_4)
FN:196,(anonymous_5)
FNF:6
FNH:6
FNDA:4,(anonymous_0)
FNDA:11,(anonymous_1)
FNDA:3,(anonymous_2)
FNDA:4,(anonymous_3)
FNDA:7,(anonymous_4)
FNDA:4,(anonymous_5)
DA:3,5
DA:4,5
DA:5,5
DA:10,5
DA:12,5
DA:26,4
DA:38,4
DA:41,4
DA:43,2
DA:44,2
DA:45,2
DA:46,2
DA:50,2
DA:62,11
DA:69,11
DA:70,2
DA:73,9
DA:75,9
DA:95,9
DA:97,9
DA:106,3
DA:116,2
DA:128,4
DA:139,4
DA:141,4
DA:143,2
DA:164,7
DA:165,2
DA:168,7
DA:175,6
DA:177,6
DA:185,6
DA:186,6
DA:188,6
DA:190,4
DA:191,4
DA:197,4
DA:204,4
DA:206,4
DA:211,5
LF:40
LH:40
BRDA:41,0,0,2
BRDA:41,0,1,2
BRDA:44,1,0,2
BRDA:44,1,1,0
BRDA:69,2,0,2
BRDA:69,2,1,9
BRDA:141,3,0,2
BRDA:141,3,1,2
BRDA:164,4,0,2
BRDA:164,4,1,5
BRDA:188,5,0,2
BRDA:188,5,1,4
BRDA:206,6,0,2
BRDA:206,6,1,2
BRF:14
BRH:13
end_of_record
TN:
SF:routes/_testCommon.js
FN:8,commonBeforeAll
FN:65,commonBeforeEach
FN:69,commonAfterEach
FN:73,commonAfterAll
FNF:4
FNH:4
FNDA:3,commonBeforeAll
FNDA:19,commonBeforeEach
FNDA:50,commonAfterEach
FNDA:3,commonAfterAll
DA:3,3
DA:4,3
DA:5,3
DA:6,3
DA:10,3
DA:12,3
DA:14,3
DA:22,2
DA:30,2
DA:39,2
DA:47,2
DA:55,1
DA:66,19
DA:70,50
DA:74,3
DA:78,3
DA:79,3
DA:82,3
LF:18
LH:18
BRF:0
BRH:0
end_of_record
TN:
SF:routes/auth.js
FN:22,(anonymous_0)
FN:25,(anonymous_1)
FN:45,(anonymous_2)
FN:48,(anonymous_3)
FNF:4
FNH:0
FNDA:0,(anonymous_0)
FNDA:0,(anonymous_1)
FNDA:0,(anonymous_2)
FNDA:0,(anonymous_3)
DA:5,4
DA:7,4
DA:8,4
DA:9,4
DA:10,4
DA:11,4
DA:12,4
DA:13,4
DA:22,4
DA:23,0
DA:24,0
DA:25,0
DA:26,0
DA:29,0
DA:30,0
DA:31,0
DA:32,0
DA:45,4
DA:46,0
DA:47,0
DA:48,0
DA:49,0
DA:52,0
DA:53,0
DA:54,0
DA:58,4
LF:26
LH:11
BRDA:24,0,0,0
BRDA:24,0,1,0
BRDA:47,1,0,0
BRDA:47,1,1,0
BRF:4
BRH:0
end_of_record
TN:
SF:routes/companies.js
FN:27,(anonymous_0)
FN:30,(anonymous_1)
FN:49,(anonymous_2)
FN:61,(anonymous_3)
FN:77,(anonymous_4)
FN:93,(anonymous_5)
FN:96,(anonymous_6)
FN:109,(anonymous_7)
FNF:8
FNH:0
FNDA:0,(anonymous_0)
FNDA:0,(anonymous_1)
FNDA:0,(anonymous_2)
FNDA:0,(anonymous_3)
FNDA:0,(anonymous_4)
FNDA:0,(anonymous_5)
FNDA:0,(anonymous_6)
FNDA:0,(anonymous_7)
DA:5,4
DA:6,4
DA:8,4
DA:9,4
DA:10,4
DA:12,4
DA:13,4
DA:14,4
DA:16,4
DA:27,4
DA:28,0
DA:29,0
DA:30,0
DA:31,0
DA:34,0
DA:35,0
DA:49,4
DA:50,0
DA:52,0
DA:53,0
DA:55,0
DA:56,0
DA:58,0
DA:60,0
DA:61,0
DA:62,0
DA:65,0
DA:66,0
DA:77,4
DA:78,0
DA:79,0
DA:93,4
DA:94,0
DA:95,0
DA:96,0
DA:97,0
DA:100,0
DA:101,0
DA:109,4
DA:110,0
DA:111,0
DA:114,4
LF:42
LH:15
BRDA:29,0,0,0
BRDA:29,0,1,0
BRDA:52,1,0,0
BRDA:52,1,1,0
BRDA:55,2,0,0
BRDA:55,2,1,0
BRDA:60,3,0,0
BRDA:60,3,1,0
BRDA:95,4,0,0
BRDA:95,4,1,0
BRF:10
BRH:0
end_of_record
TN:
SF:routes/users.js
FN:31,(anonymous_0)
FN:34,(anonymous_1)
FN:51,(anonymous_2)
FN:64,(anonymous_3)
FN:80,(anonymous_4)
FN:83,(anonymous_5)
FN:97,(anonymous_6)
FNF:7
FNH:7
FNDA:4,(anonymous_0)
FNDA:5,(anonymous_1)
FNDA:2,(anonymous_2)
FNDA:2,(anonymous_3)
FNDA:4,(anonymous_4)
FNDA:1,(anonymous_5)
FNDA:2,(anonymous_6)
DA:5,4
DA:7,4
DA:8,4
DA:9,4
DA:10,4
DA:11,4
DA:12,4
DA:13,4
DA:16,4
DA:31,4
DA:32,4
DA:33,4
DA:34,5
DA:35,2
DA:38,2
DA:39,2
DA:40,2
DA:51,4
DA:52,2
DA:53,1
DA:64,4
DA:65,2
DA:66,1
DA:80,4
DA:81,4
DA:82,4
DA:83,1
DA:84,1
DA:87,3
DA:88,2
DA:97,4
DA:98,2
DA:99,1
DA:103,4
LF:34
LH:34
BRDA:33,0,0,2
BRDA:33,0,1,2
BRDA:82,1,0,1
BRDA:82,1,1,3
BRF:4
BRH:4
end_of_record
