TN:
SF:app.js
FN:30,(anonymous_0)
FN:35,(anonymous_1)
FNF:2
FNH:2
FNDA:2,(anonymous_0)
FNDA:19,(anonymous_1)
DA:5,4
DA:6,4
DA:8,4
DA:10,4
DA:11,4
DA:12,4
DA:13,4
DA:15,4
DA:17,4
DA:19,4
DA:20,4
DA:21,4
DA:22,4
DA:24,4
DA:25,4
DA:26,4
DA:30,4
DA:31,2
DA:35,4
DA:36,19
DA:37,19
DA:38,19
DA:40,19
DA:45,4
LF:24
LH:24
BRDA:36,0,0,1
BRDA:36,0,1,18
BRDA:37,1,0,19
BRDA:37,1,1,2
BRF:4
BRH:4
end_of_record
TN:
SF:config.js
FN:13,getDatabaseUri
FNF:1
FNH:1
FNDA:19,getDatabaseUri
DA:5,10
DA:6,10
DA:8,10
DA:10,10
DA:14,19
DA:22,10
DA:24,10
DA:25,10
DA:26,10
DA:27,10
DA:28,10
DA:29,10
DA:31,10
LF:13
LH:13
BRDA:8,0,0,10
BRDA:8,0,1,9
BRDA:10,1,0,10
BRDA:10,1,1,9
BRDA:14,2,0,16
BRDA:14,2,1,3
BRDA:16,3,0,3
BRDA:16,3,1,1
BRDA:22,4,0,9
BRDA:22,4,1,1
BRF:10
BRH:10
end_of_record
TN:
SF:db.js
FNF:0
FNH:0
DA:5,6
DA:6,6
DA:8,6
DA:12,6
DA:14,6
LF:5
LH:5
BRF:0
BRH:0
end_of_record
TN:
SF:expressError.js
FN:8,(anonymous_0)
FN:18,(anonymous_1)
FN:26,(anonymous_2)
FN:34,(anonymous_3)
FN:42,(anonymous_4)
FNF:5
FNH:4
FNDA:33,(anonymous_0)
FNDA:11,(anonymous_1)
FNDA:7,(anonymous_2)
FNDA:15,(anonymous_3)
FNDA:0,(anonymous_4)
DA:9,33
DA:10,33
DA:11,33
DA:19,11
DA:27,7
DA:35,15
DA:43,0
DA:47,8
LF:8
LH:7
BRDA:18,0,0,2
BRDA:26,1,0,3
BRDA:34,2,0,1
BRDA:42,3,0,0
BRF:4
BRH:3
end_of_record
TN:
SF:helpers/sql.js
FN:12,sqlForPartialUpdate
FN:18,(anonymous_1)
FN:23,sqlForFilter
FN:26,(anonymous_3)
FNF:4
FNH:4
FNDA:12,sqlForPartialUpdate
FNDA:22,(anonymous_1)
FNDA:5,sqlForFilter
FNDA:7,(anonymous_3)
DA:1,7
DA:13,12
DA:14,12
DA:15,3
DA:18,22
DA:20,9
DA:24,5
DA:26,7
DA:28,5
DA:31,7
LF:10
LH:10
BRDA:14,0,0,3
BRDA:14,0,1,9
BRDA:18,1,0,22
BRDA:18,1,1,11
BRF:4
BRH:4
end_of_record
TN:
SF:helpers/tokens.js
FN:6,createToken
FNF:1
FNH:1
FNDA:8,createToken
DA:1,5
DA:2,5
DA:7,8
DA:10,8
DA:15,8
DA:18,5
LF:6
LH:6
BRDA:12,0,0,8
BRDA:12,0,1,7
BRF:2
BRH:2
end_of_record
TN:
SF:middleware/auth.js
FN:18,authenticateJWT
FN:36,ensureLoggedIn
FNF:2
FNH:2
FNDA:29,authenticateJWT
FNDA:13,ensureLoggedIn
DA:5,5
DA:6,5
DA:7,5
DA:19,29
DA:20,29
DA:21,29
DA:22,12
DA:23,12
DA:25,28
DA:27,1
DA:37,13
DA:38,13
DA:39,10
DA:41,3
DA:46,5
LF:15
LH:15
BRDA:20,0,0,29
BRDA:20,0,1,28
BRDA:21,1,0,12
BRDA:21,1,1,17
BRDA:38,2,0,3
BRDA:38,2,1,10
BRF:6
BRH:6
end_of_record
TN:
SF:models/_testCommon.js
FN:6,commonBeforeAll
FN:33,commonBeforeEach
FN:37,commonAfterEach
FN:41,commonAfterAll
FNF:4
FNH:4
FNDA:2,commonBeforeAll
FNDA:32,commonBeforeEach
FNDA:32,commonAfterEach
FNDA:2,commonAfterAll
DA:1,2
DA:3,2
DA:4,2
DA:8,2
DA:10,2
DA:12,2
DA:18,2
DA:34,32
DA:38,32
DA:42,2
DA:46,2
LF:11
LH:11
BRF:0
BRH:0
end_of_record
TN:
SF:models/company.js
FN:19,(anonymous_0)
FN:47,(anonymous_1)
FN:104,(anonymous_2)
FN:133,(anonymous_3)
FN:163,(anonymous_4)
FNF:5
FNH:5
FNDA:13,(anonymous_0)
FNDA:7,(anonymous_1)
FNDA:5,(anonymous_2)
FNDA:6,(anonymous_3)
FNDA:4,(anonymous_4)
DA:3,5
DA:4,5
DA:5,5
DA:20,13
DA:24,13
DA:25,1
DA:27,12
DA:36,12
DA:38,12
DA:48,7
DA:49,1
DA:51,6
DA:52,6
DA:53,6
DA:54,6
DA:56,5
DA:57,5
DA:58,5
DA:59,5
DA:60,2
DA:61,2
DA:62,2
DA:63,2
DA:65,5
DA:66,3
DA:67,3
DA:69,5
DA:70,2
DA:71,2
DA:74,5
DA:76,5
DA:77,5
DA:78,5
DA:81,6
DA:82,6
DA:84,6
DA:93,6
DA:105,5
DA:113,5
DA:115,5
DA:116,2
DA:118,3
DA:134,6
DA:138,5
DA:141,5
DA:146,5
DA:150,5
DA:152,5
DA:153,2
DA:155,3
DA:164,4
DA:169,4
DA:171,4
DA:172,2
DA:176,5
LF:55
LH:55
BRDA:24,0,0,1
BRDA:24,0,1,12
BRDA:48,1,0,1
BRDA:48,1,1,6
BRDA:48,2,0,7
BRDA:48,2,1,4
BRDA:48,2,2,2
BRDA:54,3,0,5
BRDA:54,3,1,1
BRDA:59,4,0,2
BRDA:59,4,1,3
BRDA:65,5,0,3
BRDA:65,5,1,2
BRDA:69,6,0,2
BRDA:69,6,1,3
BRDA:76,7,0,5
BRDA:76,7,1,0
BRDA:77,8,0,5
BRDA:77,8,1,0
BRDA:115,9,0,2
BRDA:115,9,1,3
BRDA:152,10,0,2
BRDA:152,10,1,3
BRDA:171,11,0,2
BRDA:171,11,1,2
BRF:25
BRH:23
end_of_record
TN:
SF:models/user.js
FN:24,(anonymous_0)
FN:60,(anonymous_1)
FN:105,(anonymous_2)
FN:127,(anonymous_3)
FN:163,(anonymous_4)
FN:196,(anonymous_5)
FNF:6
FNH:6
FNDA:6,(anonymous_0)
FNDA:13,(anonymous_1)
FNDA:1,(anonymous_2)
FNDA:2,(anonymous_3)
FNDA:4,(anonymous_4)
FNDA:2,(anonymous_5)
DA:3,5
DA:4,5
DA:5,5
DA:10,5
DA:12,5
DA:26,6
DA:38,6
DA:41,6
DA:43,2
DA:44,2
DA:45,2
DA:46,2
DA:50,4
DA:62,13
DA:69,13
DA:70,2
DA:73,11
DA:75,11
DA:95,11
DA:97,11
DA:106,1
DA:116,1
DA:128,2
DA:139,2
DA:141,2
DA:143,1
DA:164,4
DA:165,1
DA:168,4
DA:175,3
DA:177,3
DA:185,3
DA:186,3
DA:188,3
DA:190,2
DA:191,2
DA:197,2
DA:204,2
DA:206,2
DA:211,5
LF:40
LH:40
BRDA:41,0,0,2
BRDA:41,0,1,4
BRDA:44,1,0,2
BRDA:44,1,1,0
BRDA:69,2,0,2
BRDA:69,2,1,11
BRDA:141,3,0,1
BRDA:141,3,1,1
BRDA:164,4,0,1
BRDA:164,4,1,3
BRDA:188,5,0,1
BRDA:188,5,1,2
BRDA:206,6,0,1
BRDA:206,6,1,1
BRF:14
BRH:13
end_of_record
TN:
SF:routes/_testCommon.js
FN:8,commonBeforeAll
FN:65,commonBeforeEach
FN:69,commonAfterEach
FN:73,commonAfterAll
FNF:4
FNH:4
FNDA:3,commonBeforeAll
FNDA:24,commonBeforeEach
FNDA:43,commonAfterEach
FNDA:3,commonAfterAll
DA:3,3
DA:4,3
DA:5,3
DA:6,3
DA:10,3
DA:12,3
DA:14,3
DA:22,3
DA:30,3
DA:39,3
DA:47,3
DA:55,2
DA:66,24
DA:70,43
DA:74,3
DA:78,3
DA:81,3
LF:17
LH:17
BRF:0
BRH:0
end_of_record
TN:
SF:routes/auth.js
FN:22,(anonymous_0)
FN:25,(anonymous_1)
FN:45,(anonymous_2)
FN:48,(anonymous_3)
FNF:4
FNH:4
FNDA:5,(anonymous_0)
FNDA:2,(anonymous_1)
FNDA:3,(anonymous_2)
FNDA:5,(anonymous_3)
DA:5,4
DA:7,4
DA:8,4
DA:9,4
DA:10,4
DA:11,4
DA:12,4
DA:13,4
DA:22,4
DA:23,5
DA:24,5
DA:25,2
DA:26,2
DA:29,3
DA:30,3
DA:31,1
DA:32,1
DA:45,4
DA:46,3
DA:47,3
DA:48,5
DA:49,2
DA:52,1
DA:53,1
DA:54,1
DA:58,4
LF:26
LH:26
BRDA:24,0,0,2
BRDA:24,0,1,3
BRDA:47,1,0,2
BRDA:47,1,1,1
BRF:4
BRH:4
end_of_record
TN:
SF:routes/companies.js
FN:26,(anonymous_0)
FN:31,(anonymous_1)
FN:54,(anonymous_2)
FN:67,(anonymous_3)
FN:83,(anonymous_4)
FN:88,(anonymous_5)
FN:101,(anonymous_6)
FNF:7
FNH:7
FNDA:3,(anonymous_0)
FNDA:3,(anonymous_1)
FNDA:2,(anonymous_2)
FNDA:3,(anonymous_3)
FNDA:4,(anonymous_4)
FNDA:2,(anonymous_5)
FNDA:2,(anonymous_6)
DA:5,4
DA:6,4
DA:8,4
DA:9,4
DA:10,4
DA:12,4
DA:13,4
DA:15,4
DA:26,4
DA:27,3
DA:28,3
DA:29,2
DA:31,3
DA:32,2
DA:35,1
DA:36,1
DA:54,4
DA:55,2
DA:56,0
DA:67,4
DA:68,3
DA:69,2
DA:83,4
DA:84,4
DA:85,4
DA:86,2
DA:88,2
DA:89,2
DA:92,2
DA:93,1
DA:101,4
DA:102,2
DA:103,1
DA:106,4
LF:34
LH:33
BRDA:28,0,0,2
BRDA:28,0,1,1
BRDA:85,1,0,2
BRDA:85,1,1,2
BRF:4
BRH:4
end_of_record
TN:
SF:routes/users.js
FN:30,(anonymous_0)
FN:33,(anonymous_1)
FN:50,(anonymous_2)
FN:63,(anonymous_3)
FN:79,(anonymous_4)
FN:82,(anonymous_5)
FN:96,(anonymous_6)
FNF:7
FNH:0
FNDA:0,(anonymous_0)
FNDA:0,(anonymous_1)
FNDA:0,(anonymous_2)
FNDA:0,(anonymous_3)
FNDA:0,(anonymous_4)
FNDA:0,(anonymous_5)
FNDA:0,(anonymous_6)
DA:5,4
DA:7,4
DA:8,4
DA:9,4
DA:10,4
DA:11,4
DA:12,4
DA:13,4
DA:15,4
DA:30,4
DA:31,0
DA:32,0
DA:33,0
DA:34,0
DA:37,0
DA:38,0
DA:39,0
DA:50,4
DA:51,0
DA:52,0
DA:63,4
DA:64,0
DA:65,0
DA:79,4
DA:80,0
DA:81,0
DA:82,0
DA:83,0
DA:86,0
DA:87,0
DA:96,4
DA:97,0
DA:98,0
DA:102,4
LF:34
LH:15
BRDA:32,0,0,0
BRDA:32,0,1,0
BRDA:81,1,0,0
BRDA:81,1,1,0
BRF:4
BRH:0
end_of_record
